Feb 03, 2024 4:41:05 PM bg.sofia.uni.fmi.mjt.wallet.crypto.database.ServerLogger logError
INFO: Client disconnected forcefully
java.base/sun.nio.ch.SocketChannelImpl.throwConnectionReset(SocketChannelImpl.java:401)
java.base/sun.nio.ch.SocketChannelImpl.read(SocketChannelImpl.java:434)
bg.sofia.uni.fmi.mjt.wallet.server.CryptocurrencyWalletServer.getClientInput(CryptocurrencyWalletServer.java:124)
bg.sofia.uni.fmi.mjt.wallet.server.CryptocurrencyWalletServer.handleKey(CryptocurrencyWalletServer.java:89)
bg.sofia.uni.fmi.mjt.wallet.server.CryptocurrencyWalletServer.startServer(CryptocurrencyWalletServer.java:73)
bg.sofia.uni.fmi.mjt.wallet.server.CryptocurrencyWalletServer.start(CryptocurrencyWalletServer.java:51)
bg.sofia.uni.fmi.mjt.wallet.CryptocurrencyWalletManager.main(CryptocurrencyWalletManager.java:16)
Feb 03, 2024 4:43:16 PM bg.sofia.uni.fmi.mjt.wallet.crypto.database.ServerLogger logError
INFO: Client disconnected forcefully
java.base/sun.nio.ch.SocketChannelImpl.throwConnectionReset(SocketChannelImpl.java:401)
java.base/sun.nio.ch.SocketChannelImpl.read(SocketChannelImpl.java:434)
bg.sofia.uni.fmi.mjt.wallet.server.CryptocurrencyWalletServer.getClientInput(CryptocurrencyWalletServer.java:124)
bg.sofia.uni.fmi.mjt.wallet.server.CryptocurrencyWalletServer.handleKey(CryptocurrencyWalletServer.java:89)
bg.sofia.uni.fmi.mjt.wallet.server.CryptocurrencyWalletServer.startServer(CryptocurrencyWalletServer.java:73)
bg.sofia.uni.fmi.mjt.wallet.server.CryptocurrencyWalletServer.start(CryptocurrencyWalletServer.java:51)
bg.sofia.uni.fmi.mjt.wallet.CryptocurrencyWalletManager.main(CryptocurrencyWalletManager.java:16)
Feb 03, 2024 4:45:36 PM bg.sofia.uni.fmi.mjt.wallet.crypto.database.ServerLogger logError
INFO: Client disconnected forcefully
java.base/sun.nio.ch.SocketChannelImpl.throwConnectionReset(SocketChannelImpl.java:401)
java.base/sun.nio.ch.SocketChannelImpl.read(SocketChannelImpl.java:434)
bg.sofia.uni.fmi.mjt.wallet.server.CryptocurrencyWalletServer.getClientInput(CryptocurrencyWalletServer.java:128)
bg.sofia.uni.fmi.mjt.wallet.server.CryptocurrencyWalletServer.handleKey(CryptocurrencyWalletServer.java:89)
bg.sofia.uni.fmi.mjt.wallet.server.CryptocurrencyWalletServer.startServer(CryptocurrencyWalletServer.java:73)
bg.sofia.uni.fmi.mjt.wallet.server.CryptocurrencyWalletServer.start(CryptocurrencyWalletServer.java:51)
bg.sofia.uni.fmi.mjt.wallet.CryptocurrencyWalletManager.main(CryptocurrencyWalletManager.java:16)
Feb 03, 2024 4:47:52 PM bg.sofia.uni.fmi.mjt.wallet.crypto.database.ServerLogger logError
INFO: Client disconnected forcefully
java.base/sun.nio.ch.SocketChannelImpl.throwConnectionReset(SocketChannelImpl.java:401)
java.base/sun.nio.ch.SocketChannelImpl.read(SocketChannelImpl.java:434)
bg.sofia.uni.fmi.mjt.wallet.server.CryptocurrencyWalletServer.getClientInput(CryptocurrencyWalletServer.java:124)
bg.sofia.uni.fmi.mjt.wallet.server.CryptocurrencyWalletServer.handleKey(CryptocurrencyWalletServer.java:89)
bg.sofia.uni.fmi.mjt.wallet.server.CryptocurrencyWalletServer.startServer(CryptocurrencyWalletServer.java:73)
bg.sofia.uni.fmi.mjt.wallet.server.CryptocurrencyWalletServer.start(CryptocurrencyWalletServer.java:51)
bg.sofia.uni.fmi.mjt.wallet.CryptocurrencyWalletManager.main(CryptocurrencyWalletManager.java:16)
Feb 03, 2024 4:48:31 PM bg.sofia.uni.fmi.mjt.wallet.crypto.database.ServerLogger logError
INFO: Client disconnected forcefully
java.base/sun.nio.ch.SocketChannelImpl.throwConnectionReset(SocketChannelImpl.java:401)
java.base/sun.nio.ch.SocketChannelImpl.read(SocketChannelImpl.java:434)
bg.sofia.uni.fmi.mjt.wallet.server.CryptocurrencyWalletServer.getClientInput(CryptocurrencyWalletServer.java:124)
bg.sofia.uni.fmi.mjt.wallet.server.CryptocurrencyWalletServer.handleKey(CryptocurrencyWalletServer.java:89)
bg.sofia.uni.fmi.mjt.wallet.server.CryptocurrencyWalletServer.startServer(CryptocurrencyWalletServer.java:73)
bg.sofia.uni.fmi.mjt.wallet.server.CryptocurrencyWalletServer.start(CryptocurrencyWalletServer.java:51)
bg.sofia.uni.fmi.mjt.wallet.CryptocurrencyWalletManager.main(CryptocurrencyWalletManager.java:16)
Feb 03, 2024 4:53:08 PM bg.sofia.uni.fmi.mjt.wallet.crypto.database.ServerLogger logError
INFO: Client disconnected forcefully
java.base/sun.nio.ch.SocketChannelImpl.throwConnectionReset(SocketChannelImpl.java:401)
java.base/sun.nio.ch.SocketChannelImpl.read(SocketChannelImpl.java:434)
bg.sofia.uni.fmi.mjt.wallet.server.CryptocurrencyWalletServer.getClientInput(CryptocurrencyWalletServer.java:124)
bg.sofia.uni.fmi.mjt.wallet.server.CryptocurrencyWalletServer.handleKey(CryptocurrencyWalletServer.java:89)
bg.sofia.uni.fmi.mjt.wallet.server.CryptocurrencyWalletServer.startServer(CryptocurrencyWalletServer.java:73)
bg.sofia.uni.fmi.mjt.wallet.server.CryptocurrencyWalletServer.start(CryptocurrencyWalletServer.java:51)
bg.sofia.uni.fmi.mjt.wallet.CryptocurrencyWalletManager.main(CryptocurrencyWalletManager.java:16)
Feb 04, 2024 11:12:26 PM bg.sofia.uni.fmi.mjt.wallet.crypto.database.ServerLogger logError
INFO: An error has occurred when requesting from API
bg.sofia.uni.fmi.mjt.wallet.crypto.response.ApiCall.makeApiCall(ApiCall.java:72)
bg.sofia.uni.fmi.mjt.wallet.crypto.response.ApiCall.getMarketChart(ApiCall.java:39)
bg.sofia.uni.fmi.mjt.wallet.crypto.command.CommandExecutor.listOfferings(CommandExecutor.java:255)
bg.sofia.uni.fmi.mjt.wallet.crypto.command.CommandExecutor.execute(CommandExecutor.java:127)
bg.sofia.uni.fmi.mjt.wallet.crypto.command.CommandExecutorTest.testListOfferings(CommandExecutorTest.java:239)
java.base/jdk.internal.reflect.DirectMethodHandleAccessor.invoke(DirectMethodHandleAccessor.java:103)
java.base/java.lang.reflect.Method.invoke(Method.java:580)
org.junit.platform.commons.util.ReflectionUtils.invokeMethod(ReflectionUtils.java:725)
org.junit.jupiter.engine.execution.MethodInvocation.proceed(MethodInvocation.java:60)
org.junit.jupiter.engine.execution.InvocationInterceptorChain$ValidatingInvocation.proceed(InvocationInterceptorChain.java:131)
org.junit.jupiter.engine.extension.TimeoutExtension.intercept(TimeoutExtension.java:149)
org.junit.jupiter.engine.extension.TimeoutExtension.interceptTestableMethod(TimeoutExtension.java:140)
org.junit.jupiter.engine.extension.TimeoutExtension.interceptTestMethod(TimeoutExtension.java:84)
org.junit.jupiter.engine.execution.ExecutableInvoker$ReflectiveInterceptorCall.lambda$ofVoidMethod$0(ExecutableInvoker.java:115)
org.junit.jupiter.engine.execution.ExecutableInvoker.lambda$invoke$0(ExecutableInvoker.java:105)
org.junit.jupiter.engine.execution.InvocationInterceptorChain$InterceptedInvocation.proceed(InvocationInterceptorChain.java:106)
org.junit.jupiter.engine.execution.InvocationInterceptorChain.proceed(InvocationInterceptorChain.java:64)
org.junit.jupiter.engine.execution.InvocationInterceptorChain.chainAndInvoke(InvocationInterceptorChain.java:45)
org.junit.jupiter.engine.execution.InvocationInterceptorChain.invoke(InvocationInterceptorChain.java:37)
org.junit.jupiter.engine.execution.ExecutableInvoker.invoke(ExecutableInvoker.java:104)
org.junit.jupiter.engine.execution.ExecutableInvoker.invoke(ExecutableInvoker.java:98)
org.junit.jupiter.engine.descriptor.TestMethodTestDescriptor.lambda$invokeTestMethod$7(TestMethodTestDescriptor.java:214)
org.junit.platform.engine.support.hierarchical.ThrowableCollector.execute(ThrowableCollector.java:73)
org.junit.jupiter.engine.descriptor.TestMethodTestDescriptor.invokeTestMethod(TestMethodTestDescriptor.java:210)
org.junit.jupiter.engine.descriptor.TestMethodTestDescriptor.execute(TestMethodTestDescriptor.java:135)
org.junit.jupiter.engine.descriptor.TestMethodTestDescriptor.execute(TestMethodTestDescriptor.java:66)
org.junit.platform.engine.support.hierarchical.NodeTestTask.lambda$executeRecursively$6(NodeTestTask.java:151)
org.junit.platform.engine.support.hierarchical.ThrowableCollector.execute(ThrowableCollector.java:73)
org.junit.platform.engine.support.hierarchical.NodeTestTask.lambda$executeRecursively$8(NodeTestTask.java:141)
org.junit.platform.engine.support.hierarchical.Node.around(Node.java:137)
org.junit.platform.engine.support.hierarchical.NodeTestTask.lambda$executeRecursively$9(NodeTestTask.java:139)
org.junit.platform.engine.support.hierarchical.ThrowableCollector.execute(ThrowableCollector.java:73)
org.junit.platform.engine.support.hierarchical.NodeTestTask.executeRecursively(NodeTestTask.java:138)
org.junit.platform.engine.support.hierarchical.NodeTestTask.execute(NodeTestTask.java:95)
java.base/java.util.ArrayList.forEach(ArrayList.java:1596)
org.junit.platform.engine.support.hierarchical.SameThreadHierarchicalTestExecutorService.invokeAll(SameThreadHierarchicalTestExecutorService.java:41)
org.junit.platform.engine.support.hierarchical.NodeTestTask.lambda$executeRecursively$6(NodeTestTask.java:155)
org.junit.platform.engine.support.hierarchical.ThrowableCollector.execute(ThrowableCollector.java:73)
org.junit.platform.engine.support.hierarchical.NodeTestTask.lambda$executeRecursively$8(NodeTestTask.java:141)
org.junit.platform.engine.support.hierarchical.Node.around(Node.java:137)
org.junit.platform.engine.support.hierarchical.NodeTestTask.lambda$executeRecursively$9(NodeTestTask.java:139)
org.junit.platform.engine.support.hierarchical.ThrowableCollector.execute(ThrowableCollector.java:73)
org.junit.platform.engine.support.hierarchical.NodeTestTask.executeRecursively(NodeTestTask.java:138)
org.junit.platform.engine.support.hierarchical.NodeTestTask.execute(NodeTestTask.java:95)
java.base/java.util.ArrayList.forEach(ArrayList.java:1596)
org.junit.platform.engine.support.hierarchical.SameThreadHierarchicalTestExecutorService.invokeAll(SameThreadHierarchicalTestExecutorService.java:41)
org.junit.platform.engine.support.hierarchical.NodeTestTask.lambda$executeRecursively$6(NodeTestTask.java:155)
org.junit.platform.engine.support.hierarchical.ThrowableCollector.execute(ThrowableCollector.java:73)
org.junit.platform.engine.support.hierarchical.NodeTestTask.lambda$executeRecursively$8(NodeTestTask.java:141)
org.junit.platform.engine.support.hierarchical.Node.around(Node.java:137)
org.junit.platform.engine.support.hierarchical.NodeTestTask.lambda$executeRecursively$9(NodeTestTask.java:139)
org.junit.platform.engine.support.hierarchical.ThrowableCollector.execute(ThrowableCollector.java:73)
org.junit.platform.engine.support.hierarchical.NodeTestTask.executeRecursively(NodeTestTask.java:138)
org.junit.platform.engine.support.hierarchical.NodeTestTask.execute(NodeTestTask.java:95)
org.junit.platform.engine.support.hierarchical.SameThreadHierarchicalTestExecutorService.submit(SameThreadHierarchicalTestExecutorService.java:35)
org.junit.platform.engine.support.hierarchical.HierarchicalTestExecutor.execute(HierarchicalTestExecutor.java:57)
org.junit.platform.engine.support.hierarchical.HierarchicalTestEngine.execute(HierarchicalTestEngine.java:54)
org.junit.platform.launcher.core.EngineExecutionOrchestrator.execute(EngineExecutionOrchestrator.java:107)
org.junit.platform.launcher.core.EngineExecutionOrchestrator.execute(EngineExecutionOrchestrator.java:88)
org.junit.platform.launcher.core.EngineExecutionOrchestrator.lambda$execute$0(EngineExecutionOrchestrator.java:54)
org.junit.platform.launcher.core.EngineExecutionOrchestrator.withInterceptedStreams(EngineExecutionOrchestrator.java:67)
org.junit.platform.launcher.core.EngineExecutionOrchestrator.execute(EngineExecutionOrchestrator.java:52)
org.junit.platform.launcher.core.DefaultLauncher.execute(DefaultLauncher.java:114)
org.junit.platform.launcher.core.DefaultLauncher.execute(DefaultLauncher.java:86)
org.junit.platform.launcher.core.DefaultLauncherSession$DelegatingLauncher.execute(DefaultLauncherSession.java:86)
org.junit.platform.launcher.core.SessionPerRequestLauncher.execute(SessionPerRequestLauncher.java:53)
com.intellij.junit5.JUnit5IdeaTestRunner.startRunnerWithArgs(JUnit5IdeaTestRunner.java:57)
com.intellij.rt.junit.IdeaTestRunner$Repeater$1.execute(IdeaTestRunner.java:38)
com.intellij.rt.execution.junit.TestsRepeater.repeat(TestsRepeater.java:11)
com.intellij.rt.junit.IdeaTestRunner$Repeater.startRunnerWithArgs(IdeaTestRunner.java:35)
com.intellij.rt.junit.JUnitStarter.prepareStreamsAndStart(JUnitStarter.java:232)
com.intellij.rt.junit.JUnitStarter.main(JUnitStarter.java:55)
Feb 05, 2024 11:03:17 AM bg.sofia.uni.fmi.mjt.wallet.crypto.database.ServerLogger logError
INFO: Client disconnected forcefully
java.base/sun.nio.ch.SocketChannelImpl.throwConnectionReset(SocketChannelImpl.java:401)
java.base/sun.nio.ch.SocketChannelImpl.read(SocketChannelImpl.java:434)
bg.sofia.uni.fmi.mjt.wallet.crypto.server.CryptocurrencyWalletServer.getClientInput(CryptocurrencyWalletServer.java:126)
bg.sofia.uni.fmi.mjt.wallet.crypto.server.CryptocurrencyWalletServer.handleKey(CryptocurrencyWalletServer.java:91)
bg.sofia.uni.fmi.mjt.wallet.crypto.server.CryptocurrencyWalletServer.startServer(CryptocurrencyWalletServer.java:75)
bg.sofia.uni.fmi.mjt.wallet.crypto.server.CryptocurrencyWalletServer.start(CryptocurrencyWalletServer.java:53)
bg.sofia.uni.fmi.mjt.wallet.Main.main(Main.java:13)
Feb 05, 2024 11:05:36 AM bg.sofia.uni.fmi.mjt.wallet.crypto.database.ServerLogger logError
INFO: Client disconnected forcefully
java.base/sun.nio.ch.SocketChannelImpl.throwConnectionReset(SocketChannelImpl.java:401)
java.base/sun.nio.ch.SocketChannelImpl.read(SocketChannelImpl.java:434)
bg.sofia.uni.fmi.mjt.wallet.crypto.server.CryptocurrencyWalletServer.getClientInput(CryptocurrencyWalletServer.java:126)
bg.sofia.uni.fmi.mjt.wallet.crypto.server.CryptocurrencyWalletServer.handleKey(CryptocurrencyWalletServer.java:91)
bg.sofia.uni.fmi.mjt.wallet.crypto.server.CryptocurrencyWalletServer.startServer(CryptocurrencyWalletServer.java:75)
bg.sofia.uni.fmi.mjt.wallet.crypto.server.CryptocurrencyWalletServer.start(CryptocurrencyWalletServer.java:53)
bg.sofia.uni.fmi.mjt.wallet.Main.main(Main.java:13)
Feb 05, 2024 11:06:11 AM bg.sofia.uni.fmi.mjt.wallet.crypto.database.ServerLogger logError
INFO: Client disconnected forcefully
java.base/sun.nio.ch.SocketChannelImpl.throwConnectionReset(SocketChannelImpl.java:401)
java.base/sun.nio.ch.SocketChannelImpl.read(SocketChannelImpl.java:434)
bg.sofia.uni.fmi.mjt.wallet.crypto.server.CryptocurrencyWalletServer.getClientInput(CryptocurrencyWalletServer.java:126)
bg.sofia.uni.fmi.mjt.wallet.crypto.server.CryptocurrencyWalletServer.handleKey(CryptocurrencyWalletServer.java:91)
bg.sofia.uni.fmi.mjt.wallet.crypto.server.CryptocurrencyWalletServer.startServer(CryptocurrencyWalletServer.java:75)
bg.sofia.uni.fmi.mjt.wallet.crypto.server.CryptocurrencyWalletServer.start(CryptocurrencyWalletServer.java:53)
bg.sofia.uni.fmi.mjt.wallet.Main.main(Main.java:13)
Feb 06, 2024 4:13:35 PM bg.sofia.uni.fmi.mjt.wallet.crypto.database.ServerLogger logError
INFO: Client disconnected forcefully
java.base/sun.nio.ch.SocketChannelImpl.throwConnectionReset(SocketChannelImpl.java:401)
java.base/sun.nio.ch.SocketChannelImpl.read(SocketChannelImpl.java:434)
bg.sofia.uni.fmi.mjt.wallet.crypto.server.CryptocurrencyWalletServer.getClientInput(CryptocurrencyWalletServer.java:126)
bg.sofia.uni.fmi.mjt.wallet.crypto.server.CryptocurrencyWalletServer.handleKey(CryptocurrencyWalletServer.java:91)
bg.sofia.uni.fmi.mjt.wallet.crypto.server.CryptocurrencyWalletServer.startServer(CryptocurrencyWalletServer.java:75)
bg.sofia.uni.fmi.mjt.wallet.crypto.server.CryptocurrencyWalletServer.start(CryptocurrencyWalletServer.java:53)
Main.main(Main.java:12)
Feb 06, 2024 4:14:39 PM bg.sofia.uni.fmi.mjt.wallet.crypto.database.ServerLogger logError
INFO: Client disconnected forcefully
java.base/sun.nio.ch.SocketChannelImpl.throwConnectionReset(SocketChannelImpl.java:401)
java.base/sun.nio.ch.SocketChannelImpl.read(SocketChannelImpl.java:434)
bg.sofia.uni.fmi.mjt.wallet.crypto.server.CryptocurrencyWalletServer.getClientInput(CryptocurrencyWalletServer.java:126)
bg.sofia.uni.fmi.mjt.wallet.crypto.server.CryptocurrencyWalletServer.handleKey(CryptocurrencyWalletServer.java:91)
bg.sofia.uni.fmi.mjt.wallet.crypto.server.CryptocurrencyWalletServer.startServer(CryptocurrencyWalletServer.java:75)
bg.sofia.uni.fmi.mjt.wallet.crypto.server.CryptocurrencyWalletServer.start(CryptocurrencyWalletServer.java:53)
Main.main(Main.java:12)
Feb 06, 2024 4:21:31 PM bg.sofia.uni.fmi.mjt.wallet.crypto.database.ServerLogger logError
INFO: Client disconnected forcefully
java.base/sun.nio.ch.SocketChannelImpl.throwConnectionReset(SocketChannelImpl.java:401)
java.base/sun.nio.ch.SocketChannelImpl.read(SocketChannelImpl.java:434)
bg.sofia.uni.fmi.mjt.wallet.crypto.server.CryptocurrencyWalletServer.getClientInput(CryptocurrencyWalletServer.java:126)
bg.sofia.uni.fmi.mjt.wallet.crypto.server.CryptocurrencyWalletServer.handleKey(CryptocurrencyWalletServer.java:91)
bg.sofia.uni.fmi.mjt.wallet.crypto.server.CryptocurrencyWalletServer.startServer(CryptocurrencyWalletServer.java:75)
bg.sofia.uni.fmi.mjt.wallet.crypto.server.CryptocurrencyWalletServer.start(CryptocurrencyWalletServer.java:53)
Main.main(Main.java:12)
Feb 06, 2024 4:31:59 PM bg.sofia.uni.fmi.mjt.wallet.crypto.database.ServerLogger logError
INFO: Client disconnected forcefully
java.base/sun.nio.ch.SocketChannelImpl.throwConnectionReset(SocketChannelImpl.java:401)
java.base/sun.nio.ch.SocketChannelImpl.read(SocketChannelImpl.java:434)
bg.sofia.uni.fmi.mjt.wallet.crypto.server.CryptocurrencyWalletServer.getClientInput(CryptocurrencyWalletServer.java:126)
bg.sofia.uni.fmi.mjt.wallet.crypto.server.CryptocurrencyWalletServer.handleKey(CryptocurrencyWalletServer.java:91)
bg.sofia.uni.fmi.mjt.wallet.crypto.server.CryptocurrencyWalletServer.startServer(CryptocurrencyWalletServer.java:75)
bg.sofia.uni.fmi.mjt.wallet.crypto.server.CryptocurrencyWalletServer.start(CryptocurrencyWalletServer.java:53)
Main.main(Main.java:12)
Feb 09, 2024 3:23:54 PM bg.sofia.uni.fmi.mjt.wallet.crypto.database.ServerLogger logError
INFO: Client disconnected forcefully
java.base/sun.nio.ch.SocketChannelImpl.throwConnectionReset(SocketChannelImpl.java:401)
java.base/sun.nio.ch.SocketChannelImpl.read(SocketChannelImpl.java:434)
bg.sofia.uni.fmi.mjt.wallet.crypto.server.CryptocurrencyWalletServer.getClientInput(CryptocurrencyWalletServer.java:126)
bg.sofia.uni.fmi.mjt.wallet.crypto.server.CryptocurrencyWalletServer.handleKey(CryptocurrencyWalletServer.java:91)
bg.sofia.uni.fmi.mjt.wallet.crypto.server.CryptocurrencyWalletServer.startServer(CryptocurrencyWalletServer.java:75)
bg.sofia.uni.fmi.mjt.wallet.crypto.server.CryptocurrencyWalletServer.start(CryptocurrencyWalletServer.java:53)
Main.main(Main.java:13)
